[27Mar2025 15:15:19.883] [main/INFO] [cpw.mods.modlauncher.Launcher/MODLAUNCHER]: ModLauncher running: args [--launchTarget, neoforgeclientdev, --version, 21.4.123, --assetIndex, 19, --assetsDir, C:\\Users\\Alex\\.mcreator\\gradle\\caches\\neoformruntime\\assets, --gameDir, ., --fml.fmlVersion, 6.0.11, --fml.mcVersion, 1.21.4, --fml.neoForgeVersion, 21.4.123, --fml.neoFormVersion, 20241203.161809]
[27Mar2025 15:15:19.896] [main/INFO] [cpw.mods.modlauncher.Launcher/MODLAUNCHER]: JVM identified as Eclipse Adoptium OpenJDK 64-Bit Server VM 21.0.5+11-LTS
[27Mar2025 15:15:19.902] [main/INFO] [cpw.mods.modlauncher.Launcher/MODLAUNCHER]: ModLauncher 11.0.4+main.d2e20e43 starting: java version 21.0.5 by Eclipse Adoptium; OS Windows 11 arch amd64 version 10.0
[27Mar2025 15:15:20.771] [main/INFO] [net.neoforged.fml.loading.ImmediateWindowHandler/]: Loading ImmediateWindowProvider fmlearlywindow
[27Mar2025 15:15:21.227] [main/INFO] [EARLYDISPLAY/]: Trying GL version 4.6
[27Mar2025 15:15:21.495] [main/INFO] [EARLYDISPLAY/]: Requested GL version 4.6 got version 4.6
[27Mar2025 15:15:22.004] [main/INFO] [mixin/]: SpongePowered MIXIN Subsystem Version=0.8.7 Source=union:/C:/Users/Alex/.mcreator/gradle/caches/modules-2/files-2.1/net.fabricmc/sponge-mixin/0.15.2+mixin.0.8.7/2af2f021d8e02a0220dc27a7a72b4666d66d44ca/sponge-mixin-0.15.2+mixin.0.8.7.jar%23162!/ Service=ModLauncher Env=CLIENT
[27Mar2025 15:15:22.775] [pool-2-thread-1/INFO] [EARLYDISPLAY/]: GL info: Intel(R) UHD Graphics 600 GL version 4.6.0 - Build 30.0.101.1960, Intel
[27Mar2025 15:15:24.910] [main/INFO] [net.neoforged.fml.loading.moddiscovery.locators.JarInJarDependencyLocator/]: Found 2 dependencies adding them to mods collection
[27Mar2025 15:15:24.936] [main/INFO] [net.neoforged.fml.loading.moddiscovery.ModDiscoverer/]: 
     Mod List:
		Name Version (Mod Id)

		Architectury 15.0.3 (architectury)
		Minecraft 1.21.4 (minecraft)
		NeoForge 21.4.123 (neoforge)
		The Tools And Other 3.0.1 (the_tools_and_other)
[27Mar2025 15:15:33.214] [main/INFO] [cpw.mods.modlauncher.LaunchServiceHandler/MODLAUNCHER]: Launching target 'neoforgeclientdev' with arguments [--version, 21.4.123, --gameDir, ., --assetsDir, C:\Users\Alex\.mcreator\gradle\caches\neoformruntime\assets, --assetIndex, 19]
[27Mar2025 15:15:46.754] [pool-7-thread-1/INFO] [MixinExtras|Service/]: Initializing MixinExtras via com.llamalad7.mixinextras.service.MixinExtrasServiceImpl(version=0.4.1).
[27Mar2025 15:16:16.885] [Datafixer Bootstrap/INFO] [com.mojang.datafixers.DataFixerBuilder/]: 246 Datafixer optimizations took 36128 milliseconds
[27Mar2025 15:16:25.962] [main/WARN] [net.minecraft.commands.Commands/]: Ambiguity between arguments [teleport, location] and [teleport, destination] with inputs: [0.1 -0.5 .9, 0 0 0]
[27Mar2025 15:16:25.974] [main/WARN] [net.minecraft.commands.Commands/]: Ambiguity between arguments [teleport, location] and [teleport, targets] with inputs: [0.1 -0.5 .9, 0 0 0]
[27Mar2025 15:16:25.989] [main/WARN] [net.minecraft.commands.Commands/]: Ambiguity between arguments [teleport, destination] and [teleport, targets] with inputs: [Player, 0123, @e, dd12be42-52a9-4a91-a8a1-11c01849e498]
[27Mar2025 15:16:25.996] [main/WARN] [net.minecraft.commands.Commands/]: Ambiguity between arguments [teleport, targets] and [teleport, destination] with inputs: [Player, 0123, dd12be42-52a9-4a91-a8a1-11c01849e498]
[27Mar2025 15:16:26.003] [main/WARN] [net.minecraft.commands.Commands/]: Ambiguity between arguments [teleport, targets, location] and [teleport, targets, destination] with inputs: [0.1 -0.5 .9, 0 0 0]
[27Mar2025 15:16:26.818] [Render thread/WARN] [net.minecraft.server.packs.VanillaPackResourcesBuilder/]: Assets URL 'union:/C:/Users/Alex/Desktop/the_tools_and_other/build/moddev/artifacts/neoforge-21.4.123.jar%23216!/assets/.mcassetsroot' uses unexpected schema
[27Mar2025 15:16:26.821] [Render thread/WARN] [net.minecraft.server.packs.VanillaPackResourcesBuilder/]: Assets URL 'union:/C:/Users/Alex/Desktop/the_tools_and_other/build/moddev/artifacts/neoforge-21.4.123.jar%23216!/data/.mcassetsroot' uses unexpected schema
[27Mar2025 15:16:26.983] [Render thread/INFO] [com.mojang.authlib.yggdrasil.YggdrasilAuthenticationService/]: Environment: Environment[sessionHost=https://sessionserver.mojang.com, servicesHost=https://api.minecraftservices.com, name=PROD]
[27Mar2025 15:16:27.016] [Render thread/INFO] [net.minecraft.client.Minecraft/]: Setting user: Dev
[27Mar2025 15:16:27.628] [Render thread/INFO] [net.minecraft.client.Minecraft/]: Backend library: LWJGL version 3.3.3+5
[27Mar2025 15:16:28.482] [modloading-worker-0/INFO] [net.neoforged.neoforge.common.NeoForgeMod/NEOFORGE-MOD]: NeoForge mod loading, version 21.4.123, for MC 1.21.4
[27Mar2025 15:16:43.954] [Render thread/INFO] [net.neoforged.neoforge.gametest.GameTestHooks/]: Enabled Gametest Namespaces: []
[27Mar2025 15:16:46.668] [Render thread/INFO] [net.minecraft.server.packs.resources.ReloadableResourceManager/]: Reloading ResourceManager: vanilla, mod_resources, mod/architectury, mod/neoforge, mod/the_tools_and_other
[27Mar2025 15:16:47.450] [resourceLoad/INFO] [net.minecraft.client.gui.font.providers.UnihexProvider/]: Found unifont_all_no_pua-16.0.01.hex, loading
[27Mar2025 15:16:49.819] [resourceLoad/INFO] [net.minecraft.client.gui.font.providers.UnihexProvider/]: Found unifont_jp_patch-16.0.01.hex, loading
[27Mar2025 15:16:55.286] [resourceLoad/ERROR] [net.minecraft.client.resources.model.ModelManager/]: Failed to load model the_tools_and_other:models/custom/netherite_mace.json
net.minecraft.ResourceLocationException: Non [a-z0-9/._-] character in path of location: minecraft:the_tools_and_other/netherite_netherite mace
	at TRANSFORMER/minecraft@1.21.4/net.minecraft.resources.ResourceLocation.assertValidPath(ResourceLocation.java:284) ~[neoforge-21.4.123.jar%23216!/:?]
	at TRANSFORMER/minecraft@1.21.4/net.minecraft.resources.ResourceLocation.withDefaultNamespace(ResourceLocation.java:60) ~[neoforge-21.4.123.jar%23216!/:?]
	at TRANSFORMER/minecraft@1.21.4/net.minecraft.resources.ResourceLocation.bySeparator(ResourceLocation.java:84) ~[neoforge-21.4.123.jar%23216!/:?]
	at TRANSFORMER/minecraft@1.21.4/net.minecraft.resources.ResourceLocation.parse(ResourceLocation.java:56) ~[neoforge-21.4.123.jar%23216!/:?]
	at TRANSFORMER/minecraft@1.21.4/net.minecraft.client.renderer.block.model.BlockModel$Deserializer.deserialize(BlockModel.java:183) ~[neoforge-21.4.123.jar%23216!/:?]
	at TRANSFORMER/minecraft@1.21.4/net.minecraft.client.renderer.block.model.BlockModel$Deserializer.deserialize(BlockModel.java:164) ~[neoforge-21.4.123.jar%23216!/:?]
	at MC-BOOTSTRAP/com.google.gson@2.11.0/com.google.gson.internal.bind.TreeTypeAdapter.read(TreeTypeAdapter.java:95) ~[gson-2.11.0.jar%23127!/:?]
	at MC-BOOTSTRAP/com.google.gson@2.11.0/com.google.gson.Gson.fromJson(Gson.java:1361) ~[gson-2.11.0.jar%23127!/:?]
	at MC-BOOTSTRAP/com.google.gson@2.11.0/com.google.gson.Gson.fromJson(Gson.java:1463) ~[gson-2.11.0.jar%23127!/:?]
	at MC-BOOTSTRAP/com.google.gson@2.11.0/com.google.gson.Gson.fromJson(Gson.java:1434) ~[gson-2.11.0.jar%23127!/:?]
	at MC-BOOTSTRAP/com.google.gson@2.11.0/com.google.gson.internal.bind.TreeTypeAdapter$GsonContextImpl.deserialize(TreeTypeAdapter.java:199) ~[gson-2.11.0.jar%23127!/:?]
	at TRANSFORMER/neoforge@21.4.123/net.neoforged.neoforge.client.model.UnbakedModelParser$Deserializer.deserialize(UnbakedModelParser.java:76) ~[neoforge-21.4.123.jar%23217!/:?]
	at TRANSFORMER/neoforge@21.4.123/net.neoforged.neoforge.client.model.UnbakedModelParser$Deserializer.deserialize(UnbakedModelParser.java:46) ~[neoforge-21.4.123.jar%23217!/:?]
	at MC-BOOTSTRAP/com.google.gson@2.11.0/com.google.gson.internal.bind.TreeTypeAdapter.read(TreeTypeAdapter.java:95) ~[gson-2.11.0.jar%23127!/:?]
	at TRANSFORMER/minecraft@1.21.4/net.minecraft.util.GsonHelper.fromNullableJson(GsonHelper.java:432) ~[neoforge-21.4.123.jar%23216!/:?]
	at TRANSFORMER/minecraft@1.21.4/net.minecraft.util.GsonHelper.fromJson(GsonHelper.java:439) ~[neoforge-21.4.123.jar%23216!/:?]
	at TRANSFORMER/minecraft@1.21.4/net.minecraft.util.GsonHelper.fromJson(GsonHelper.java:491) ~[neoforge-21.4.123.jar%23216!/:?]
	at TRANSFORMER/neoforge@21.4.123/net.neoforged.neoforge.client.model.UnbakedModelParser.parse(UnbakedModelParser.java:43) ~[neoforge-21.4.123.jar%23217!/:?]
	at TRANSFORMER/minecraft@1.21.4/net.minecraft.client.resources.model.ModelManager.lambda$loadBlockModels$10(ModelManager.java:195) ~[neoforge-21.4.123.jar%23216!/:?]
	at java.base/java.util.concurrent.CompletableFuture$AsyncSupply.run(CompletableFuture.java:1768) ~[?:?]
	at TRANSFORMER/minecraft@1.21.4/net.minecraft.TracingExecutor.lambda$forName$0(TracingExecutor.java:18) ~[neoforge-21.4.123.jar%23216!/:?]
	at java.base/java.util.concurrent.ForkJoinTask$RunnableExecuteAction.exec(ForkJoinTask.java:1423) [?:?]
	at java.base/java.util.concurrent.ForkJoinTask.doExec(ForkJoinTask.java:387) [?:?]
	at java.base/java.util.concurrent.ForkJoinPool$WorkQueue.topLevelExec(ForkJoinPool.java:1312) [?:?]
	at java.base/java.util.concurrent.ForkJoinPool.scan(ForkJoinPool.java:1843) [?:?]
	at java.base/java.util.concurrent.ForkJoinPool.runWorker(ForkJoinPool.java:1808) [?:?]
	at java.base/java.util.concurrent.ForkJoinWorkerThread.run(ForkJoinWorkerThread.java:188) [?:?]
[27Mar2025 15:16:59.937] [resourceLoad/WARN] [net.minecraft.client.resources.model.ModelDiscovery/]: Missing block model: 'minecraft:the_tools_and_other/box_of_pizza'
[27Mar2025 15:17:00.852] [resourceLoad/WARN] [net.minecraft.client.resources.model.ModelDiscovery/]: Missing block model: 'minecraft:the_tools_and_other/pentist'
[27Mar2025 15:17:00.887] [resourceLoad/WARN] [net.minecraft.client.resources.model.ModelDiscovery/]: Missing block model: 'the_tools_and_other:item/axoltl_leggings'
[27Mar2025 15:17:00.898] [resourceLoad/WARN] [net.minecraft.client.resources.model.ModelDiscovery/]: Missing block model: 'minecraft:the_tools_and_other/diamond_hammer'
[27Mar2025 15:17:00.904] [resourceLoad/WARN] [net.minecraft.client.resources.model.ModelDiscovery/]: Missing block model: 'minecraft:the_tools_and_other/pizza'
[27Mar2025 15:17:00.913] [resourceLoad/WARN] [net.minecraft.client.resources.model.ModelDiscovery/]: Missing block model: 'the_tools_and_other:item/axoltl_chestplate'
[27Mar2025 15:17:00.915] [resourceLoad/WARN] [net.minecraft.client.resources.model.ModelDiscovery/]: Missing block model: 'minecraft:the_tools_and_other/mace'
[27Mar2025 15:17:00.918] [resourceLoad/WARN] [net.minecraft.client.resources.model.ModelDiscovery/]: Missing block model: 'the_tools_and_other:item/axoltl_helmet'
[27Mar2025 15:17:00.920] [resourceLoad/WARN] [net.minecraft.client.resources.model.ModelDiscovery/]: Missing block model: 'minecraft:the_tools_and_other/sword'
[27Mar2025 15:17:01.552] [resourceLoad/WARN] [net.minecraft.client.renderer.texture.SpriteLoader/]: Texture the_tools_and_other:block/ruby_ore with size 174x180 limits mip level from 2 to 1
[27Mar2025 15:17:01.554] [resourceLoad/WARN] [net.minecraft.client.renderer.texture.SpriteLoader/]: Texture the_tools_and_other:block/ruby_v1 with size 48x49 limits mip level from 1 to 0
[27Mar2025 15:17:12.190] [Render thread/INFO] [com.mojang.blaze3d.audio.Library/]: OpenAL initialized on device OpenAL Soft on Altavoces (Realtek(R) Audio)
[27Mar2025 15:17:12.195] [Render thread/INFO] [net.minecraft.client.sounds.SoundEngine/SOUNDS]: Sound engine started
[27Mar2025 15:17:12.963] [Render thread/INFO] [net.minecraft.client.renderer.texture.TextureAtlas/]: Created: 2048x1024x2 minecraft:textures/atlas/blocks.png-atlas
[27Mar2025 15:17:15.839] [Render thread/INFO] [net.minecraft.client.renderer.texture.TextureAtlas/]: Created: 256x256x2 minecraft:textures/atlas/signs.png-atlas
[27Mar2025 15:17:15.860] [Render thread/INFO] [net.minecraft.client.renderer.texture.TextureAtlas/]: Created: 512x512x2 minecraft:textures/atlas/shield_patterns.png-atlas
[27Mar2025 15:17:15.909] [Render thread/INFO] [net.minecraft.client.renderer.texture.TextureAtlas/]: Created: 512x512x2 minecraft:textures/atlas/banner_patterns.png-atlas
[27Mar2025 15:17:15.956] [Render thread/INFO] [net.minecraft.client.renderer.texture.TextureAtlas/]: Created: 2048x1024x2 minecraft:textures/atlas/armor_trims.png-atlas
[27Mar2025 15:17:19.331] [Render thread/INFO] [net.minecraft.client.renderer.texture.TextureAtlas/]: Created: 256x256x2 minecraft:textures/atlas/chest.png-atlas
[27Mar2025 15:17:19.416] [Render thread/INFO] [net.minecraft.client.renderer.texture.TextureAtlas/]: Created: 128x64x2 minecraft:textures/atlas/decorated_pot.png-atlas
[27Mar2025 15:17:19.627] [Render thread/INFO] [net.minecraft.client.renderer.texture.TextureAtlas/]: Created: 512x256x2 minecraft:textures/atlas/shulker_boxes.png-atlas
[27Mar2025 15:17:19.782] [Render thread/INFO] [net.minecraft.client.renderer.texture.TextureAtlas/]: Created: 512x256x2 minecraft:textures/atlas/beds.png-atlas
[27Mar2025 15:17:19.936] [Render thread/INFO] [net.minecraft.client.renderer.texture.TextureAtlas/]: Created: 64x64x0 minecraft:textures/atlas/map_decorations.png-atlas
[27Mar2025 15:17:20.246] [Render thread/INFO] [net.minecraft.client.renderer.texture.TextureAtlas/]: Created: 512x256x0 minecraft:textures/atlas/particles.png-atlas
[27Mar2025 15:17:20.796] [Render thread/INFO] [net.minecraft.client.renderer.texture.TextureAtlas/]: Created: 512x256x0 minecraft:textures/atlas/paintings.png-atlas
[27Mar2025 15:17:20.923] [Render thread/INFO] [net.minecraft.client.renderer.texture.TextureAtlas/]: Created: 64x1024x0 minecraft:textures/atlas/mob_effects.png-atlas
[27Mar2025 15:17:21.045] [Render thread/INFO] [net.minecraft.client.renderer.texture.TextureAtlas/]: Created: 1024x512x0 minecraft:textures/atlas/gui.png-atlas
[27Mar2025 15:17:22.151] [Render thread/INFO] [net.neoforged.neoforge.client.entity.animation.json.AnimationLoader/]: Loaded 0 entity animations
[27Mar2025 15:17:59.969] [Worker-Main-1/ERROR] [net.minecraft.server.packs.resources.SimpleJsonResourceReloadListener/]: Couldn't parse data file 'the_tools_and_other:green_oak_planks_r' from 'the_tools_and_other:recipe/green_oak_planks_r.json': DataResult.Error['Unknown registry key in ResourceKey[minecraft:root / minecraft:item]: the_tools_and_other:deleted_mod_element; Map entry 'a' : Failed to parse either. First: Not a JSON object: "the_tools_and_other:deleted_mod_element"; Second: Failed to parse either. First: Not a tag id; Second: Failed to parse either. First: Not a json array: "the_tools_and_other:deleted_mod_element"; Second: Unknown registry key in ResourceKey[minecraft:root / minecraft:item]: the_tools_and_other:deleted_mod_element; Not a JSON object: "the_tools_and_other:deleted_mod_element"']
[27Mar2025 15:18:01.097] [Render thread/INFO] [net.minecraft.world.item.crafting.RecipeManager/]: Loaded 1626 recipes
[27Mar2025 15:18:01.151] [Render thread/INFO] [net.minecraft.advancements.AdvancementTree/]: Loaded 1488 advancements
[27Mar2025 15:18:01.161] [Render thread/INFO] [net.neoforged.neoforge.common.crafting.RecipePriorityManager/]: Loaded 0 recipe priority overrides
[27Mar2025 15:18:01.997] [Server thread/INFO] [net.minecraft.client.server.IntegratedServer/]: Starting integrated minecraft server version 1.21.4
[27Mar2025 15:18:01.998] [Server thread/INFO] [net.minecraft.server.MinecraftServer/]: Generating keypair
[27Mar2025 15:18:04.267] [Server thread/INFO] [net.minecraft.server.MinecraftServer/]: Preparing start region for dimension minecraft:overworld
[27Mar2025 15:18:05.084] [progressListener/INFO] [net.minecraft.server.level.progress.LoggerChunkProgressListener/]: Preparing spawn area: 0%
[27Mar2025 15:18:05.086] [progressListener/INFO] [net.minecraft.server.level.progress.LoggerChunkProgressListener/]: Preparing spawn area: 0%
[27Mar2025 15:18:05.348] [progressListener/INFO] [net.minecraft.server.level.progress.LoggerChunkProgressListener/]: Preparing spawn area: 18%
[27Mar2025 15:18:05.549] [progressListener/INFO] [net.minecraft.server.level.progress.LoggerChunkProgressListener/]: Time elapsed: 1240 ms
[27Mar2025 15:18:05.556] [Server thread/INFO] [net.neoforged.neoforge.server.permission.PermissionAPI/]: Successfully initialized permission handler neoforge:default_handler
[27Mar2025 15:18:05.931] [Server thread/INFO] [net.minecraft.client.server.IntegratedServer/]: Changing view distance to 5, from 10
[27Mar2025 15:18:05.932] [Server thread/INFO] [net.minecraft.client.server.IntegratedServer/]: Changing simulation distance to 12, from 0
[27Mar2025 15:18:12.066] [Server thread/INFO] [net.minecraft.server.players.PlayerList/]: Dev[local:E:70328a33] logged in with entity id 58 at (48.716315816826636, -25.761446273273734, 48.49265940611539)
[27Mar2025 15:18:12.527] [Server thread/INFO] [net.minecraft.server.MinecraftServer/]: Dev joined the game
[27Mar2025 15:18:13.636] [Server thread/WARN] [net.minecraft.server.MinecraftServer/]: Can't keep up! Is the server overloaded? Running 2226ms or 44 ticks behind
[27Mar2025 15:18:14.049] [Render thread/INFO] [net.minecraft.advancements.AdvancementTree/]: Loaded 73 advancements
[27Mar2025 15:18:43.406] [Server thread/INFO] [net.minecraft.server.MinecraftServer/]: [Dev: Set own game mode to Creative Mode]
[27Mar2025 15:18:43.842] [Render thread/INFO] [net.minecraft.client.gui.components.ChatComponent/]: [System] [CHAT] Set own game mode to Creative Mode
[27Mar2025 15:19:49.716] [Server thread/INFO] [net.minecraft.client.server.IntegratedServer/]: Saving and pausing game...
[27Mar2025 15:19:50.100] [Server thread/INFO] [net.minecraft.server.MinecraftServer/]: Saving chunks for level 'ServerLevel[Mundo Nuevo]'/minecraft:overworld
[27Mar2025 15:19:50.514] [Server thread/INFO] [net.minecraft.server.MinecraftServer/]: Saving chunks for level 'ServerLevel[Mundo Nuevo]'/the_tools_and_other:colosal
[27Mar2025 15:19:50.517] [Server thread/INFO] [net.minecraft.server.MinecraftServer/]: Saving chunks for level 'ServerLevel[Mundo Nuevo]'/minecraft:the_end
[27Mar2025 15:19:50.525] [Server thread/INFO] [net.minecraft.server.MinecraftServer/]: Saving chunks for level 'ServerLevel[Mundo Nuevo]'/the_tools_and_other:berny_dimencion
[27Mar2025 15:19:50.532] [Server thread/INFO] [net.minecraft.server.MinecraftServer/]: Saving chunks for level 'ServerLevel[Mundo Nuevo]'/minecraft:the_nether
[27Mar2025 15:19:53.012] [Server thread/WARN] [net.minecraft.server.MinecraftServer/]: Can't keep up! Is the server overloaded? Running 4253ms or 85 ticks behind
[27Mar2025 15:23:34.197] [Render thread/INFO] [net.minecraft.advancements.AdvancementTree/]: Loaded 74 advancements
[27Mar2025 15:24:51.147] [Server thread/INFO] [net.minecraft.server.MinecraftServer/]: [Dev: Set the time to 1000]
[27Mar2025 15:24:51.182] [Render thread/INFO] [net.minecraft.client.gui.components.ChatComponent/]: [System] [CHAT] Set the time to 1000
[27Mar2025 15:26:31.056] [Render thread/INFO] [net.minecraft.client.gui.components.ChatComponent/]: [System] [CHAT] Saved screenshot as 2025-03-27_15.26.30.png
[27Mar2025 15:26:31.860] [Server thread/INFO] [net.minecraft.client.server.IntegratedServer/]: Saving and pausing game...
[27Mar2025 15:26:31.925] [Server thread/INFO] [net.minecraft.server.MinecraftServer/]: Saving chunks for level 'ServerLevel[Mundo Nuevo]'/minecraft:overworld
[27Mar2025 15:26:31.960] [Server thread/INFO] [net.minecraft.server.MinecraftServer/]: Saving chunks for level 'ServerLevel[Mundo Nuevo]'/the_tools_and_other:colosal
[27Mar2025 15:26:31.962] [Server thread/INFO] [net.minecraft.server.MinecraftServer/]: Saving chunks for level 'ServerLevel[Mundo Nuevo]'/minecraft:the_end
[27Mar2025 15:26:31.966] [Server thread/INFO] [net.minecraft.server.MinecraftServer/]: Saving chunks for level 'ServerLevel[Mundo Nuevo]'/the_tools_and_other:berny_dimencion
[27Mar2025 15:26:31.968] [Server thread/INFO] [net.minecraft.server.MinecraftServer/]: Saving chunks for level 'ServerLevel[Mundo Nuevo]'/minecraft:the_nether
[27Mar2025 15:26:33.039] [Server thread/INFO] [net.minecraft.server.network.ServerGamePacketListenerImpl/]: Dev lost connection: Disconnected
[27Mar2025 15:26:33.040] [Server thread/INFO] [net.minecraft.server.MinecraftServer/]: Dev left the game
[27Mar2025 15:26:33.196] [Server thread/INFO] [net.minecraft.server.network.ServerCommonPacketListenerImpl/]: Stopping singleplayer server as player logged out
[27Mar2025 15:26:34.419] [Server thread/INFO] [net.minecraft.server.MinecraftServer/]: Stopping server
[27Mar2025 15:26:34.613] [Server thread/INFO] [net.minecraft.server.MinecraftServer/]: Saving players
[27Mar2025 15:26:34.614] [Server thread/INFO] [net.minecraft.server.MinecraftServer/]: Saving worlds
[27Mar2025 15:26:40.416] [Server thread/INFO] [net.minecraft.server.MinecraftServer/]: Saving chunks for level 'ServerLevel[Mundo Nuevo]'/minecraft:overworld
[27Mar2025 15:26:40.888] [Server thread/INFO] [net.minecraft.server.MinecraftServer/]: Saving chunks for level 'ServerLevel[Mundo Nuevo]'/the_tools_and_other:colosal
[27Mar2025 15:26:40.922] [Server thread/INFO] [net.minecraft.server.MinecraftServer/]: Saving chunks for level 'ServerLevel[Mundo Nuevo]'/minecraft:the_end
[27Mar2025 15:26:40.953] [Server thread/INFO] [net.minecraft.server.MinecraftServer/]: Saving chunks for level 'ServerLevel[Mundo Nuevo]'/the_tools_and_other:berny_dimencion
[27Mar2025 15:26:41.005] [Server thread/INFO] [net.minecraft.server.MinecraftServer/]: Saving chunks for level 'ServerLevel[Mundo Nuevo]'/minecraft:the_nether
[27Mar2025 15:26:41.105] [Server thread/INFO] [net.minecraft.server.MinecraftServer/]: ThreadedAnvilChunkStorage (Mundo Nuevo (1)): All chunks are saved
[27Mar2025 15:26:41.106] [Server thread/INFO] [net.minecraft.server.MinecraftServer/]: ThreadedAnvilChunkStorage (colosal): All chunks are saved
[27Mar2025 15:26:41.106] [Server thread/INFO] [net.minecraft.server.MinecraftServer/]: ThreadedAnvilChunkStorage (DIM1): All chunks are saved
[27Mar2025 15:26:41.107] [Server thread/INFO] [net.minecraft.server.MinecraftServer/]: ThreadedAnvilChunkStorage (berny_dimencion): All chunks are saved
[27Mar2025 15:26:41.107] [Server thread/INFO] [net.minecraft.server.MinecraftServer/]: ThreadedAnvilChunkStorage (DIM-1): All chunks are saved
[27Mar2025 15:26:41.108] [Server thread/INFO] [net.minecraft.server.MinecraftServer/]: ThreadedAnvilChunkStorage: All dimensions are saved
[27Mar2025 15:27:04.748] [Render thread/INFO] [net.minecraft.client.Minecraft/]: Stopping!
